2024-10-07T18:50:01.800846 - EDA performed on file 'app_data/data_unificator/owasp-benchmark-sample.csv'
2024-10-07T18:50:01.814692 - Error importing file 'app_data/data_unificator/owasp-benchmark-sample.csv': [Errno 2] No such file or directory: 'app_data/data_unificator/owasp-benchmark-sample.csv'
2024-10-07T18:50:01.829270 - Detected encoding 'utf-8' for file 'app_data/data_unificator/VulnerabilitiesSummary.csv'
2024-10-07T18:50:01.833095 - Error importing file 'app_data/data_unificator/VulnerabilitiesSummary.csv': [Errno 2] No such file or directory: 'app_data/data_unificator/VulnerabilitiesSummary.csv'
2024-10-07T18:50:34.252513 - Selected Step: Data Import
2024-10-07T18:50:34.255519 - Number of Workers: 1
2024-10-08T12:18:05.573556 - Selected Step: Data Import
2024-10-08T12:18:05.578008 - Number of Workers: 1
2024-10-08T12:20:25.431882 - Selected Step: Data Import
2024-10-08T12:20:25.436617 - Number of Workers: 1
2024-10-08T12:21:42.584227 - Selected Step: Data Import
2024-10-08T12:21:42.588056 - Number of Workers: 1
2024-10-08T12:21:42.608582 - Data Import - 2 files from 'app_data/data_unificator'
2024-10-08T12:21:42.658428 - Detected encoding 'ascii' for file 'app_data/data_unificator/owasp-benchmark-sample.json'
2024-10-08T12:21:45.877125 - Missing data found in file 'app_data/data_unificator/owasp-benchmark-sample.json': {'extra.metavars._CIPHER.start.line': 1727, 'extra.metavars._CIPHER.start.col': 1727, 'extra.metavars._CIPHER.start.offset': 1727, 'extra.metavars._CIPHER.end.line': 1727, 'extra.metavars._CIPHER.end.col': 1727, 'extra.metavars._CIPHER.end.offset': 1727, 'extra.metavars._CIPHER.abstract_content': 1727, 'extra.metavars._CIPHER.unique_id.type': 1727, 'extra.metavars._CIPHER.unique_id.md5sum': 1727, 'extra.metadata.source_rule_url': 776, 'extra.metadata.references': 835, 'extra.fix': 1727, 'extra.metavars._Y.start.line': 1630, 'extra.metavars._Y.start.col': 1630, 'extra.metavars._Y.start.offset': 1630, 'extra.metavars._Y.end.line': 1630, 'extra.metavars._Y.end.col': 1630, 'extra.metavars._Y.end.offset': 1630, 'extra.metavars._Y.abstract_content': 1630, 'extra.metavars._Y.unique_id.type': 1630, 'extra.metavars._Y.unique_id.value': 1746, 'extra.metavars._Y.unique_id.kind': 1746, 'extra.metavars._Y.unique_id.sid': 1746, 'extra.metavars._X.start.line': 1629, 'extra.metavars._X.start.col': 1629, 'extra.metavars._X.start.offset': 1629, 'extra.metavars._X.end.line': 1629, 'extra.metavars._X.end.col': 1629, 'extra.metavars._X.end.offset': 1629, 'extra.metavars._X.abstract_content': 1629, 'extra.metavars._X.unique_id.type': 1629, 'extra.metavars._X.unique_id.value': 1746, 'extra.metavars._X.unique_id.kind': 1746, 'extra.metavars._X.unique_id.sid': 1746, 'extra.metavars._RUNTIME.start.line': 1746, 'extra.metavars._RUNTIME.start.col': 1746, 'extra.metavars._RUNTIME.start.offset': 1746, 'extra.metavars._RUNTIME.end.line': 1746, 'extra.metavars._RUNTIME.end.col': 1746, 'extra.metavars._RUNTIME.end.offset': 1746, 'extra.metavars._RUNTIME.abstract_content': 1746, 'extra.metavars._RUNTIME.unique_id.type': 1746, 'extra.metavars._RUNTIME.unique_id.value': 1746, 'extra.metavars._RUNTIME.unique_id.kind': 1746, 'extra.metavars._RUNTIME.unique_id.sid': 1746, 'extra.metavars._W.start.line': 1652, 'extra.metavars._W.start.col': 1652, 'extra.metavars._W.start.offset': 1652, 'extra.metavars._W.end.line': 1652, 'extra.metavars._W.end.col': 1652, 'extra.metavars._W.end.offset': 1652, 'extra.metavars._W.abstract_content': 1652, 'extra.metavars._W.unique_id.type': 1652, 'extra.metavars._W.unique_id.md5sum': 1736, 'extra.metavars._Y.unique_id.md5sum': 1652, 'extra.metavars._X.unique_id.md5sum': 1651, 'extra.metavars._SQL.start.line': 1652, 'extra.metavars._SQL.start.col': 1652, 'extra.metavars._SQL.start.offset': 1652, 'extra.metavars._SQL.end.line': 1652, 'extra.metavars._SQL.end.col': 1652, 'extra.metavars._SQL.end.offset': 1652, 'extra.metavars._SQL.abstract_content': 1652, 'extra.metavars._SQL.unique_id.type': 1652, 'extra.metavars._SQL.unique_id.value': 1652, 'extra.metavars._SQL.unique_id.kind': 1652, 'extra.metavars._SQL.unique_id.sid': 1652, 'extra.metavars._W.unique_id.value': 1684, 'extra.metavars._W.unique_id.kind': 1684, 'extra.metavars._W.unique_id.sid': 1684, 'extra.metavars._CTX.start.line': 1767, 'extra.metavars._CTX.start.col': 1767, 'extra.metavars._CTX.start.offset': 1767, 'extra.metavars._CTX.end.line': 1767, 'extra.metavars._CTX.end.col': 1767, 'extra.metavars._CTX.end.offset': 1767, 'extra.metavars._CTX.abstract_content': 1767, 'extra.metavars._CTX.unique_id.type': 1767, 'extra.metavars._CTX.unique_id.value': 1767, 'extra.metavars._CTX.unique_id.kind': 1767, 'extra.metavars._CTX.unique_id.sid': 1767, 'extra.metavars._METHOD.start.line': 1767, 'extra.metavars._METHOD.start.col': 1767, 'extra.metavars._METHOD.start.offset': 1767, 'extra.metavars._METHOD.end.line': 1767, 'extra.metavars._METHOD.end.col': 1767, 'extra.metavars._METHOD.end.offset': 1767, 'extra.metavars._METHOD.abstract_content': 1767, 'extra.metavars._METHOD.unique_id.type': 1767, 'extra.metavars._METHOD.unique_id.md5sum': 1767, 'extra.metavars._COOKIE.start.line': 956, 'extra.metavars._COOKIE.start.col': 956, 'extra.metavars._COOKIE.start.offset': 956, 'extra.metavars._COOKIE.end.line': 956, 'extra.metavars._COOKIE.end.col': 956, 'extra.metavars._COOKIE.end.offset': 956, 'extra.metavars._COOKIE.abstract_content': 956, 'extra.metavars._COOKIE.unique_id.type': 956, 'extra.metavars._COOKIE.unique_id.value': 956, 'extra.metavars._COOKIE.unique_id.kind': 956, 'extra.metavars._COOKIE.unique_id.sid': 956, 'extra.metavars._RESPONSE.start.line': 992, 'extra.metavars._RESPONSE.start.col': 992, 'extra.metavars._RESPONSE.start.offset': 992, 'extra.metavars._RESPONSE.end.line': 992, 'extra.metavars._RESPONSE.end.col': 992, 'extra.metavars._RESPONSE.end.offset': 992, 'extra.metavars._RESPONSE.abstract_content': 992, 'extra.metavars._RESPONSE.unique_id.type': 992, 'extra.metavars._RESPONSE.unique_id.value': 992, 'extra.metavars._RESPONSE.unique_id.kind': 992, 'extra.metavars._RESPONSE.unique_id.sid': 992, 'extra.metavars._RESP.start.line': 992, 'extra.metavars._RESP.start.col': 992, 'extra.metavars._RESP.start.offset': 992, 'extra.metavars._RESP.end.line': 992, 'extra.metavars._RESP.end.col': 992, 'extra.metavars._RESP.end.offset': 992, 'extra.metavars._RESP.abstract_content': 992, 'extra.metavars._RESP.unique_id.type': 992, 'extra.metavars._RESP.unique_id.value': 992, 'extra.metavars._RESP.unique_id.kind': 992, 'extra.metavars._RESP.unique_id.sid': 992}
2024-10-08T12:21:45.911723 - Detected encoding 'UTF-8-SIG' for file 'app_data/data_unificator/VulnerabilitiesSummary.xml'
2024-10-08T12:21:46.100791 - Missing data found in file 'app_data/data_unificator/VulnerabilitiesSummary.xml': {'VulnSummary.AppVersion': 430, 'VulnSummary.ScanName': 430, 'VulnSummary.ScanStarted': 430, 'VulnSummary.ScanDuration': 430, 'VulnSummary.ScanEnded': 430, 'VulnSummary.UTCOffset': 430, 'VulnSummary.ResourcesCrawled': 430, 'VulnSummary.NumberOfRequests': 430, 'VulnSummary.NumberOfFailedRequests': 430, 'VulnSummary.VulnList.Vuln.DbId': 400, 'VulnSummary.VulnList.Vuln.ParentDbId': 430, 'VulnSummary.VulnList.Vuln.ScanName': 430, 'VulnSummary.VulnList.Vuln.WebSite': 430, 'VulnSummary.VulnList.Vuln.WebSiteIP': 430, 'VulnSummary.VulnList.Vuln.VulnType': 418, 'VulnSummary.VulnList.Vuln.VulnUrl': 420, 'VulnSummary.VulnList.Vuln.NormalizedUrl': 420, 'VulnSummary.VulnList.Vuln.MatchedString': 420, 'VulnSummary.VulnList.Vuln.ParameterName': 428, 'VulnSummary.VulnList.Vuln.HtmlEntityAttacked': 430, 'VulnSummary.VulnList.Vuln.ModuleId': 419, 'VulnSummary.VulnList.Vuln.AttackType': 418, 'VulnSummary.VulnList.Vuln.AttackScore': 429, 'VulnSummary.VulnList.Vuln.AttackValue': 430, 'VulnSummary.VulnList.Vuln.OriginalValue': 428, 'VulnSummary.VulnList.Vuln.Method': 429, 'VulnSummary.VulnList.Vuln.RootCauseId': 400, 'VulnSummary.VulnList.Vuln.LuxorRootCauseId': 400, 'VulnSummary.VulnList.Vuln.FindingDbId': 400, 'VulnSummary.VulnList.Vuln.Description': 418, 'VulnSummary.VulnList.Vuln.Recommendation': 418, 'VulnSummary.VulnList.Vuln.Page': 420, 'VulnSummary.VulnList.Vuln.Url': 420, 'VulnSummary.VulnList.Vuln.VulnParamType': 430, 'VulnSummary.VulnList.Vuln.CrawlTraffic': 425, 'VulnSummary.VulnList.Vuln.CrawlTrafficTemplate': 425, 'VulnSummary.VulnList.Vuln.CrawlTrafficResponse': 425, 'VulnSummary.VulnList.Vuln.AttackClass': 427, 'VulnSummary.VulnList.Vuln.CweId': 426, 'VulnSummary.VulnList.Vuln.CAPEC': 428, 'VulnSummary.VulnList.Vuln.DISSA_ASC': 427, 'VulnSummary.VulnList.Vuln.OWASP2007': 427, 'VulnSummary.VulnList.Vuln.OWASP2010': 427, 'VulnSummary.VulnList.Vuln.OWASP2013': 427, 'VulnSummary.VulnList.Vuln.OVAL': 430, 'VulnSummary.VulnList.Vuln.WASC': 430, 'VulnSummary.VulnList.Vuln.ScanDate': 430, 'VulnSummary.VulnList.Vuln.ScanEnd': 430, 'VulnSummary.VulnList.Vuln.StatisticallyPrevalentOriginalResponseCode': 430, 'VulnSummary.VulnList.Vuln.Confidence': 430, 'VulnSummary.VulnList.Vuln.DefenseBL.DbId': 430, 'VulnSummary.VulnList.Vuln.DefenseBL.ParentDbId': 430, 'VulnSummary.VulnList.Vuln.DefenseWL.DbId': 430, 'VulnSummary.VulnList.Vuln.DefenseWL.ParentDbId': 430, 'VulnSummary.VulnList.Vuln.AttackList.Attack.DbId': 400, 'VulnSummary.VulnList.Vuln.AttackList.Attack.ParentDbId': 430, 'VulnSummary.VulnList.Vuln.AttackList.Attack.AttackId': 418, 'VulnSummary.VulnList.Vuln.AttackList.Attack.AttackVulnUrl': 420, 'VulnSummary.VulnList.Vuln.AttackList.Attack.AttackMatchedString': 420, 'VulnSummary.VulnList.Vuln.AttackList.Attack.AttackConfigDescription': 418, 'VulnSummary.VulnList.Vuln.AttackList.Attack.OriginalResponseCode': 430, 'VulnSummary.VulnList.Vuln.VulnParam': 429, 'VulnSummary.VulnList.Vuln.AttackList.Attack.OriginalValue': 429, 'VulnSummary.VulnList.Vuln.AttackList.Attack.AttackRequestList.AttackRequest.DbId': 425, 'VulnSummary.VulnList.Vuln.AttackList.Attack.AttackRequestList.AttackRequest.ParentDbId': 430, 'VulnSummary.VulnList.Vuln.AttackList.Attack.AttackRequestList.AttackRequest.Request': 425, 'VulnSummary.VulnList.Vuln.AttackList.Attack.AttackRequestList.AttackRequest.Response': 425, 'VulnSummary.VulnList.Vuln.AttackList.Attack.AttackRequestList.AttackRequest.Benign': 430}
2024-10-09T21:00:27.223436 - Selected Step: Data Import
2024-10-09T21:00:27.230563 - Number of Workers: 1
2024-10-09T21:43:48.076656 - Selected Step: Data Import
2024-10-09T21:43:48.079823 - Number of Workers: 1
2024-10-09T21:44:27.160811 - Selected Step: Data Import
2024-10-09T21:44:27.164144 - Number of Workers: 1
2024-10-09T21:44:27.179707 - Data Import - Import - app_data/data_unificator
2024-10-09T21:44:27.272126 - Detected encoding 'ascii' for file 'app_data/data_unificator/owasp-benchmark-sample.json'
2024-10-09T21:45:09.645537 - Detected encoding 'UTF-8-SIG' for file 'app_data/data_unificator/VulnerabilitiesSummary.xml'
2024-10-09T21:48:24.391596 - Selected Step: Data Import
2024-10-09T21:48:24.395385 - Number of Workers: 1
2024-10-09T21:48:29.049660 - Applied data fixes to 'VulnerabilitiesSummary.xml'
2024-10-09T21:48:33.753276 - Applied data fixes to 'VulnerabilitiesSummary.xml'
2024-10-09T21:48:41.287924 - Selected Step: Data Import
2024-10-09T21:48:41.291071 - Number of Workers: 1
2024-10-09T21:48:43.119661 - Selected Step: Data Import
2024-10-09T21:48:43.123344 - Number of Workers: 1
2024-10-09T21:48:43.143179 - Data Import - Import - app_data/data_unificator
2024-10-09T21:48:43.182374 - Detected encoding 'ascii' for file 'app_data/data_unificator/owasp-benchmark-sample.json'
2024-10-09T21:49:24.959988 - Detected encoding 'ascii' for file 'app_data/data_unificator/VulnerabilitiesSummary.xml'
2024-10-10T11:37:38.346545 - Selected Step: Data Import
2024-10-10T11:37:38.350625 - Number of Workers: 1
2024-10-10T11:37:42.250378 - Selected Step: Data Import
2024-10-10T11:37:42.254923 - Number of Workers: 1
2024-10-10T11:37:42.274521 - Data Import - Import - app_data/data_unificator
2024-10-10T11:37:42.315148 - Detected encoding 'ascii' for file 'app_data/data_unificator/owasp-benchmark-sample.json'
2024-10-10T11:38:25.639178 - Detected encoding 'ascii' for file 'app_data/data_unificator/VulnerabilitiesSummary.xml'
2024-10-10T11:40:10.253798 - Selected Step: Data Import
2024-10-10T11:40:10.257684 - Number of Workers: 1
2024-10-10T11:40:13.819526 - Selected Step: Data Import
2024-10-10T11:40:13.823369 - Number of Workers: 1
2024-10-10T11:40:13.842737 - Data Import - Import - app_data/data_unificator
2024-10-10T11:40:13.883745 - Detected encoding 'ascii' for file 'app_data/data_unificator/owasp-benchmark-sample.json'
2024-10-10T11:40:53.903817 - Detected encoding 'ascii' for file 'app_data/data_unificator/VulnerabilitiesSummary.xml'
2024-10-10T11:41:20.328946 - Selected Step: Data Mapping
2024-10-10T11:41:20.332275 - Number of Workers: 1
